<?xml version="1.0" encoding="UTF-8"?>
<testsuite xmlns:xsi="http://www.w3.org/2001/XMLSchema-instance" xsi:noNamespaceSchemaLocation="https://maven.apache.org/surefire/maven-surefire-plugin/xsd/surefire-test-report-3.0.xsd" version="3.0" name="com.vacationtracker.ws.controller.EmployeeControllerTest" time="0.133" tests="8" errors="0" skipped="0" failures="0">
  <properties>
[...]
</properties>
  <testcase name="testDeleteRequest" classname="com.vacationtracker.ws.controller.EmployeeControllerTest" time="0.005">
    <system-out><![CDATA[2024-07-18T10:10:46.308-04:00  INFO 95376 --- [vacationtracker] [           main] t.c.s.AnnotationConfigContextLoaderUtils : Could not detect default configuration classes for test class [com.vacationtracker.ws.controller.EmployeeControllerTest]: EmployeeControllerTest does not declare any static, non-private, non-final, nested classes annotated with @Configuration.
2024-07-18T10:10:46.310-04:00  INFO 95376 --- [vacationtracker] [           main] .b.t.c.SpringBootTestContextBootstrapper : Found @SpringBootConfiguration com.vacationtracker.VacationTrackerApplication for test class com.vacationtracker.ws.controller.EmployeeControllerTest

  .   ____          _            __ _ _
 /\\ / ___'_ __ _ _(_)_ __  __ _ \ \ \ \
( ( )\___ | '_ | '_| | '_ \/ _` | \ \ \ \
 \\/  ___)| |_)| | | | | || (_| |  ) ) ) )
  '  |____| .__|_| |_|_| |_\__, | / / / /
 =========|_|==============|___/=/_/_/_/

 :: Spring Boot ::                (v3.3.1)

2024-07-18T10:10:46.317-04:00  INFO 95376 --- [vacationtracker] [           main] c.v.w.controller.EmployeeControllerTest  : Starting EmployeeControllerTest using Java 22.0.1 with PID 95376 (started by suyog in /Users/suyog/Desktop/dexcomProject/vacations-api-1-zpwlqj)
2024-07-18T10:10:46.317-04:00  INFO 95376 --- [vacationtracker] [           main] c.v.w.controller.EmployeeControllerTest  : No active profile set, falling back to 1 default profile: "default"
2024-07-18T10:10:46.412-04:00  INFO 95376 --- [vacationtracker] [           main] o.s.b.t.m.w.SpringBootMockServletContext : Initializing Spring TestDispatcherServlet ''
2024-07-18T10:10:46.412-04:00  INFO 95376 --- [vacationtracker] [           main] o.s.t.web.servlet.TestDispatcherServlet  : Initializing Servlet ''
2024-07-18T10:10:46.412-04:00  INFO 95376 --- [vacationtracker] [           main] o.s.t.web.servlet.TestDispatcherServlet  : Completed initialization in 0 ms
2024-07-18T10:10:46.415-04:00  INFO 95376 --- [vacationtracker] [           main] c.v.w.controller.EmployeeControllerTest  : Started EmployeeControllerTest in 0.104 seconds (process running for 1.462)
]]></system-out>
  </testcase>
  <testcase name="testCreateRequestFailure" classname="com.vacationtracker.ws.controller.EmployeeControllerTest" time="0.004"/>
  <testcase name="testDeleteRequestFailure" classname="com.vacationtracker.ws.controller.EmployeeControllerTest" time="0.001"/>
  <testcase name="testGetRequestsWithoutRequestParam" classname="com.vacationtracker.ws.controller.EmployeeControllerTest" time="0.002"/>
  <testcase name="testGetRequestsWithInvalidStatus" classname="com.vacationtracker.ws.controller.EmployeeControllerTest" time="0.001"/>
  <testcase name="testGetRemainingVacationDays" classname="com.vacationtracker.ws.controller.EmployeeControllerTest" time="0.002"/>
  <testcase name="testCreateRequest" classname="com.vacationtracker.ws.controller.EmployeeControllerTest" time="0.002"/>
  <testcase name="testGetRequestsWithRequestParam" classname="com.vacationtracker.ws.controller.EmployeeControllerTest" time="0.001"/>
</testsuite>